2025-08-05 17:21:07,188 DEBUG    root            Loaded Command Group: ['gcloud', 'components']
2025-08-05 17:21:07,192 DEBUG    root            Loaded Command Group: ['gcloud', 'components', 'update']
2025-08-05 17:21:07,194 DEBUG    root            Running [gcloud.components.update] with arguments: [--compile-python: "True", --quiet: "True", COMPONENT-IDS:6: "['core', 'gcloud-deps', 'bq', 'gcloud', 'gcloud-crc32c', 'gsutil']"]
2025-08-05 17:21:07,195 INFO     ___FILE_ONLY___ Beginning update. This process may take several minutes.

2025-08-05 17:21:07,231 DEBUG    urllib3.connectionpool Starting new HTTPS connection (1): dl.google.com:443
2025-08-05 17:21:08,153 DEBUG    urllib3.connectionpool https://dl.google.com:443 "GET /dl/cloudsdk/channels/rapid/components-2.json HTTP/11" 200 239806
2025-08-05 17:21:08,163 INFO     ___FILE_ONLY___ 

2025-08-05 17:21:08,164 INFO     ___FILE_ONLY___ 
Your current Google Cloud CLI version is: 533.0.0

2025-08-05 17:21:08,164 INFO     ___FILE_ONLY___ Installing components from version: 533.0.0

2025-08-05 17:21:08,164 INFO     ___FILE_ONLY___ 

2025-08-05 17:21:08,164 DEBUG    root            Chosen display Format:table[box,title="These components will be removed."](details.display_name:label=Name:align=left,version.version_string:label=Version:align=right,data.size.size(zero="",min=1048576):label=Size:align=right)
2025-08-05 17:21:08,165 DEBUG    root            Chosen display Format:table[box,title="These components will be updated."](details.display_name:label=Name:align=left,version.version_string:label=Version:align=right,data.size.size(zero="",min=1048576):label=Size:align=right)
2025-08-05 17:21:08,165 DEBUG    root            Chosen display Format:table[box,title="These components will be installed."](details.display_name:label=Name:align=left,version.version_string:label=Version:align=right,data.size.size(zero="",min=1048576):label=Size:align=right)
2025-08-05 17:21:08,205 INFO     ___FILE_ONLY___ ┌─────────────────────────────────────────────────────────────────────────────┐
2025-08-05 17:21:08,205 INFO     ___FILE_ONLY___ 

2025-08-05 17:21:08,205 INFO     ___FILE_ONLY___ │                     These components will be installed.                     │
2025-08-05 17:21:08,205 INFO     ___FILE_ONLY___ 

2025-08-05 17:21:08,205 INFO     ___FILE_ONLY___ ├─────────────────────────────────────────────────────┬────────────┬──────────┤
2025-08-05 17:21:08,205 INFO     ___FILE_ONLY___ 

2025-08-05 17:21:08,205 INFO     ___FILE_ONLY___ │                         Name                        │  Version   │   Size   │
2025-08-05 17:21:08,205 INFO     ___FILE_ONLY___ 

2025-08-05 17:21:08,206 INFO     ___FILE_ONLY___ ├─────────────────────────────────────────────────────┼────────────┼──────────┤
2025-08-05 17:21:08,206 INFO     ___FILE_ONLY___ 

2025-08-05 17:21:08,206 INFO     ___FILE_ONLY___ │ 
2025-08-05 17:21:08,206 INFO     ___FILE_ONLY___ BigQuery Command Line Tool                         
2025-08-05 17:21:08,206 INFO     ___FILE_ONLY___  
2025-08-05 17:21:08,206 INFO     ___FILE_ONLY___ │ 
2025-08-05 17:21:08,206 INFO     ___FILE_ONLY___     2.1.22
2025-08-05 17:21:08,206 INFO     ___FILE_ONLY___  
2025-08-05 17:21:08,206 INFO     ___FILE_ONLY___ │ 
2025-08-05 17:21:08,206 INFO     ___FILE_ONLY___  1.8 MiB
2025-08-05 17:21:08,206 INFO     ___FILE_ONLY___  
2025-08-05 17:21:08,207 INFO     ___FILE_ONLY___ │
2025-08-05 17:21:08,207 INFO     ___FILE_ONLY___ 

2025-08-05 17:21:08,207 INFO     ___FILE_ONLY___ │ 
2025-08-05 17:21:08,207 INFO     ___FILE_ONLY___ BigQuery Command Line Tool (Platform Specific)     
2025-08-05 17:21:08,207 INFO     ___FILE_ONLY___  
2025-08-05 17:21:08,207 INFO     ___FILE_ONLY___ │ 
2025-08-05 17:21:08,207 INFO     ___FILE_ONLY___     2.1.17
2025-08-05 17:21:08,207 INFO     ___FILE_ONLY___  
2025-08-05 17:21:08,207 INFO     ___FILE_ONLY___ │ 
2025-08-05 17:21:08,207 INFO     ___FILE_ONLY___  < 1 MiB
2025-08-05 17:21:08,207 INFO     ___FILE_ONLY___  
2025-08-05 17:21:08,207 INFO     ___FILE_ONLY___ │
2025-08-05 17:21:08,208 INFO     ___FILE_ONLY___ 

2025-08-05 17:21:08,208 INFO     ___FILE_ONLY___ │ 
2025-08-05 17:21:08,208 INFO     ___FILE_ONLY___ Bundled Python 3.12 (Platform Specific)            
2025-08-05 17:21:08,208 INFO     ___FILE_ONLY___  
2025-08-05 17:21:08,208 INFO     ___FILE_ONLY___ │ 
2025-08-05 17:21:08,208 INFO     ___FILE_ONLY___     3.12.9
2025-08-05 17:21:08,208 INFO     ___FILE_ONLY___  
2025-08-05 17:21:08,208 INFO     ___FILE_ONLY___ │ 
2025-08-05 17:21:08,208 INFO     ___FILE_ONLY___ 89.3 MiB
2025-08-05 17:21:08,208 INFO     ___FILE_ONLY___  
2025-08-05 17:21:08,208 INFO     ___FILE_ONLY___ │
2025-08-05 17:21:08,208 INFO     ___FILE_ONLY___ 

2025-08-05 17:21:08,208 INFO     ___FILE_ONLY___ │ 
2025-08-05 17:21:08,208 INFO     ___FILE_ONLY___ Cloud Storage Command Line Tool                    
2025-08-05 17:21:08,208 INFO     ___FILE_ONLY___  
2025-08-05 17:21:08,208 INFO     ___FILE_ONLY___ │ 
2025-08-05 17:21:08,208 INFO     ___FILE_ONLY___       5.35
2025-08-05 17:21:08,208 INFO     ___FILE_ONLY___  
2025-08-05 17:21:08,208 INFO     ___FILE_ONLY___ │ 
2025-08-05 17:21:08,208 INFO     ___FILE_ONLY___ 12.4 MiB
2025-08-05 17:21:08,208 INFO     ___FILE_ONLY___  
2025-08-05 17:21:08,209 INFO     ___FILE_ONLY___ │
2025-08-05 17:21:08,209 INFO     ___FILE_ONLY___ 

2025-08-05 17:21:08,209 INFO     ___FILE_ONLY___ │ 
2025-08-05 17:21:08,209 INFO     ___FILE_ONLY___ Cloud Storage Command Line Tool (Platform Specific)
2025-08-05 17:21:08,209 INFO     ___FILE_ONLY___  
2025-08-05 17:21:08,209 INFO     ___FILE_ONLY___ │ 
2025-08-05 17:21:08,209 INFO     ___FILE_ONLY___       5.34
2025-08-05 17:21:08,209 INFO     ___FILE_ONLY___  
2025-08-05 17:21:08,209 INFO     ___FILE_ONLY___ │ 
2025-08-05 17:21:08,209 INFO     ___FILE_ONLY___  < 1 MiB
2025-08-05 17:21:08,209 INFO     ___FILE_ONLY___  
2025-08-05 17:21:08,209 INFO     ___FILE_ONLY___ │
2025-08-05 17:21:08,209 INFO     ___FILE_ONLY___ 

2025-08-05 17:21:08,209 INFO     ___FILE_ONLY___ │ 
2025-08-05 17:21:08,209 INFO     ___FILE_ONLY___ Google Cloud CLI Core Libraries (Platform Specific)
2025-08-05 17:21:08,209 INFO     ___FILE_ONLY___  
2025-08-05 17:21:08,209 INFO     ___FILE_ONLY___ │ 
2025-08-05 17:21:08,209 INFO     ___FILE_ONLY___ 2025.05.23
2025-08-05 17:21:08,209 INFO     ___FILE_ONLY___  
2025-08-05 17:21:08,209 INFO     ___FILE_ONLY___ │ 
2025-08-05 17:21:08,209 INFO     ___FILE_ONLY___  < 1 MiB
2025-08-05 17:21:08,210 INFO     ___FILE_ONLY___  
2025-08-05 17:21:08,210 INFO     ___FILE_ONLY___ │
2025-08-05 17:21:08,210 INFO     ___FILE_ONLY___ 

2025-08-05 17:21:08,210 INFO     ___FILE_ONLY___ │ 
2025-08-05 17:21:08,210 INFO     ___FILE_ONLY___ Google Cloud CRC32C Hash Tool (Platform Specific)  
2025-08-05 17:21:08,210 INFO     ___FILE_ONLY___  
2025-08-05 17:21:08,210 INFO     ___FILE_ONLY___ │ 
2025-08-05 17:21:08,210 INFO     ___FILE_ONLY___      1.0.0
2025-08-05 17:21:08,210 INFO     ___FILE_ONLY___  
2025-08-05 17:21:08,210 INFO     ___FILE_ONLY___ │ 
2025-08-05 17:21:08,210 INFO     ___FILE_ONLY___  1.5 MiB
2025-08-05 17:21:08,210 INFO     ___FILE_ONLY___  
2025-08-05 17:21:08,210 INFO     ___FILE_ONLY___ │
2025-08-05 17:21:08,210 INFO     ___FILE_ONLY___ 

2025-08-05 17:21:08,210 INFO     ___FILE_ONLY___ │ 
2025-08-05 17:21:08,210 INFO     ___FILE_ONLY___ gcloud cli dependencies (Platform Specific)        
2025-08-05 17:21:08,210 INFO     ___FILE_ONLY___  
2025-08-05 17:21:08,210 INFO     ___FILE_ONLY___ │ 
2025-08-05 17:21:08,210 INFO     ___FILE_ONLY___ 2021.04.16
2025-08-05 17:21:08,210 INFO     ___FILE_ONLY___  
2025-08-05 17:21:08,210 INFO     ___FILE_ONLY___ │ 
2025-08-05 17:21:08,211 INFO     ___FILE_ONLY___  < 1 MiB
2025-08-05 17:21:08,211 INFO     ___FILE_ONLY___  
2025-08-05 17:21:08,211 INFO     ___FILE_ONLY___ │
2025-08-05 17:21:08,211 INFO     ___FILE_ONLY___ 

2025-08-05 17:21:08,211 INFO     ___FILE_ONLY___ └─────────────────────────────────────────────────────┴────────────┴──────────┘
2025-08-05 17:21:08,211 INFO     ___FILE_ONLY___ 

2025-08-05 17:21:08,211 INFO     ___FILE_ONLY___ 

2025-08-05 17:21:08,215 DEBUG    urllib3.connectionpool Starting new HTTPS connection (1): dl.google.com:443
2025-08-05 17:21:09,121 DEBUG    urllib3.connectionpool https://dl.google.com:443 "GET /dl/cloudsdk/channels/rapid/RELEASE_NOTES HTTP/11" 200 1462763
2025-08-05 17:21:09,589 INFO     ___FILE_ONLY___ For the latest full release notes, please visit:
  https://cloud.google.com/sdk/release_notes


2025-08-05 17:21:09,590 INFO     ___FILE_ONLY___ Performing in place update...


2025-08-05 17:21:09,592 INFO     ___FILE_ONLY___ ╔════════════════════════════════════════════════════════════╗

2025-08-05 17:21:09,592 INFO     ___FILE_ONLY___ ╠═ Downloading: BigQuery Command Line Tool                  ═╣

2025-08-05 17:21:09,592 INFO     ___FILE_ONLY___ ╚
2025-08-05 17:21:09,595 DEBUG    urllib3.connectionpool Starting new HTTPS connection (1): dl.google.com:443
2025-08-05 17:21:10,498 DEBUG    urllib3.connectionpool https://dl.google.com:443 "GET /dl/cloudsdk/channels/rapid/components/google-cloud-sdk-bq-20250801150402.tar.gz HTTP/11" 200 1856357
2025-08-05 17:21:10,513 INFO     ___FILE_ONLY___ ═
2025-08-05 17:21:10,514 INFO     ___FILE_ONLY___ ═
2025-08-05 17:21:10,514 INFO     ___FILE_ONLY___ ═
2025-08-05 17:21:10,514 INFO     ___FILE_ONLY___ ═
2025-08-05 17:21:10,514 INFO     ___FILE_ONLY___ ═
2025-08-05 17:21:10,514 INFO     ___FILE_ONLY___ ═
2025-08-05 17:21:10,514 INFO     ___FILE_ONLY___ ═
2025-08-05 17:21:10,514 INFO     ___FILE_ONLY___ ═
2025-08-05 17:21:10,514 INFO     ___FILE_ONLY___ ═
2025-08-05 17:21:10,515 INFO     ___FILE_ONLY___ ═
2025-08-05 17:21:10,515 INFO     ___FILE_ONLY___ ═
2025-08-05 17:21:10,515 INFO     ___FILE_ONLY___ ═
2025-08-05 17:21:10,515 INFO     ___FILE_ONLY___ ═
2025-08-05 17:21:10,515 INFO     ___FILE_ONLY___ ═
2025-08-05 17:21:10,515 INFO     ___FILE_ONLY___ ═
2025-08-05 17:21:10,515 INFO     ___FILE_ONLY___ ═
2025-08-05 17:21:10,515 INFO     ___FILE_ONLY___ ═
2025-08-05 17:21:10,515 INFO     ___FILE_ONLY___ ═
2025-08-05 17:21:10,515 INFO     ___FILE_ONLY___ ═
2025-08-05 17:21:10,515 INFO     ___FILE_ONLY___ ═
2025-08-05 17:21:10,516 INFO     ___FILE_ONLY___ ═
2025-08-05 17:21:10,516 INFO     ___FILE_ONLY___ ═
2025-08-05 17:21:10,516 INFO     ___FILE_ONLY___ ═
2025-08-05 17:21:10,516 INFO     ___FILE_ONLY___ ═
2025-08-05 17:21:10,516 INFO     ___FILE_ONLY___ ═
2025-08-05 17:21:10,516 INFO     ___FILE_ONLY___ ═
2025-08-05 17:21:10,516 INFO     ___FILE_ONLY___ ═
2025-08-05 17:21:10,516 INFO     ___FILE_ONLY___ ═
2025-08-05 17:21:10,516 INFO     ___FILE_ONLY___ ═
2025-08-05 17:21:10,516 INFO     ___FILE_ONLY___ ═
2025-08-05 17:21:10,516 INFO     ___FILE_ONLY___ ═
2025-08-05 17:21:10,517 INFO     ___FILE_ONLY___ ═
2025-08-05 17:21:10,517 INFO     ___FILE_ONLY___ ═
2025-08-05 17:21:10,517 INFO     ___FILE_ONLY___ ═
2025-08-05 17:21:10,517 INFO     ___FILE_ONLY___ ═
2025-08-05 17:21:10,517 INFO     ___FILE_ONLY___ ═
2025-08-05 17:21:10,517 INFO     ___FILE_ONLY___ ═
2025-08-05 17:21:10,517 INFO     ___FILE_ONLY___ ═
2025-08-05 17:21:10,517 INFO     ___FILE_ONLY___ ═
2025-08-05 17:21:10,517 INFO     ___FILE_ONLY___ ═
2025-08-05 17:21:10,517 INFO     ___FILE_ONLY___ ═
2025-08-05 17:21:10,517 INFO     ___FILE_ONLY___ ═
2025-08-05 17:21:10,518 INFO     ___FILE_ONLY___ ═
2025-08-05 17:21:10,518 INFO     ___FILE_ONLY___ ═
2025-08-05 17:21:10,518 INFO     ___FILE_ONLY___ ═
2025-08-05 17:21:10,518 INFO     ___FILE_ONLY___ ═
2025-08-05 17:21:10,518 INFO     ___FILE_ONLY___ ═
2025-08-05 17:21:10,518 INFO     ___FILE_ONLY___ ═
2025-08-05 17:21:10,518 INFO     ___FILE_ONLY___ ═
2025-08-05 17:21:10,518 INFO     ___FILE_ONLY___ ═
2025-08-05 17:21:10,518 INFO     ___FILE_ONLY___ ═
2025-08-05 17:21:10,518 INFO     ___FILE_ONLY___ ═
2025-08-05 17:21:10,519 INFO     ___FILE_ONLY___ ═
2025-08-05 17:21:10,519 INFO     ___FILE_ONLY___ ═
2025-08-05 17:21:10,519 INFO     ___FILE_ONLY___ ═
2025-08-05 17:21:10,519 INFO     ___FILE_ONLY___ ═
2025-08-05 17:21:10,519 INFO     ___FILE_ONLY___ ═
2025-08-05 17:21:10,519 INFO     ___FILE_ONLY___ ═
2025-08-05 17:21:10,519 INFO     ___FILE_ONLY___ ═
2025-08-05 17:21:10,519 INFO     ___FILE_ONLY___ ═
2025-08-05 17:21:10,519 INFO     ___FILE_ONLY___ ╝

2025-08-05 17:21:10,521 INFO     ___FILE_ONLY___ ╔════════════════════════════════════════════════════════════╗

2025-08-05 17:21:10,522 INFO     ___FILE_ONLY___ ╠═ Downloading: BigQuery Command Line Tool (Platform Spe... ═╣

2025-08-05 17:21:10,522 INFO     ___FILE_ONLY___ ╚
2025-08-05 17:21:10,525 DEBUG    urllib3.connectionpool Starting new HTTPS connection (1): dl.google.com:443
2025-08-05 17:21:11,457 DEBUG    urllib3.connectionpool https://dl.google.com:443 "GET /dl/cloudsdk/channels/rapid/components/google-cloud-sdk-bq-nix-20250523104322.tar.gz HTTP/11" 200 1935
2025-08-05 17:21:11,457 INFO     ___FILE_ONLY___ ════════════════════════════════════════════════════════════
2025-08-05 17:21:11,458 INFO     ___FILE_ONLY___ ╝

2025-08-05 17:21:11,460 INFO     ___FILE_ONLY___ ╔════════════════════════════════════════════════════════════╗

2025-08-05 17:21:11,460 INFO     ___FILE_ONLY___ ╠═ Downloading: Bundled Python 3.12                         ═╣

2025-08-05 17:21:11,460 INFO     ___FILE_ONLY___ ╚
2025-08-05 17:21:11,460 INFO     ___FILE_ONLY___ ════════════════════════════════════════════════════════════
2025-08-05 17:21:11,460 INFO     ___FILE_ONLY___ ╝

2025-08-05 17:21:11,462 INFO     ___FILE_ONLY___ ╔════════════════════════════════════════════════════════════╗

2025-08-05 17:21:11,462 INFO     ___FILE_ONLY___ ╠═ Downloading: Bundled Python 3.12 (Platform Specific)     ═╣

2025-08-05 17:21:11,462 INFO     ___FILE_ONLY___ ╚
2025-08-05 17:21:11,465 DEBUG    urllib3.connectionpool Starting new HTTPS connection (1): dl.google.com:443
2025-08-05 17:21:11,626 DEBUG    urllib3.connectionpool https://dl.google.com:443 "GET /dl/cloudsdk/channels/rapid/components/google-cloud-sdk-bundled-python3-unix-linux-x86_64-20250502143716.tar.gz HTTP/11" 200 93610468
2025-08-05 17:21:12,012 INFO     ___FILE_ONLY___ ═
2025-08-05 17:21:12,014 INFO     ___FILE_ONLY___ ═
2025-08-05 17:21:12,016 INFO     ___FILE_ONLY___ ═
2025-08-05 17:21:12,018 INFO     ___FILE_ONLY___ ═
2025-08-05 17:21:12,020 INFO     ___FILE_ONLY___ ═
2025-08-05 17:21:12,022 INFO     ___FILE_ONLY___ ═
2025-08-05 17:21:12,024 INFO     ___FILE_ONLY___ ═
2025-08-05 17:21:12,025 INFO     ___FILE_ONLY___ ═
2025-08-05 17:21:12,027 INFO     ___FILE_ONLY___ ═
2025-08-05 17:21:12,029 INFO     ___FILE_ONLY___ ═
2025-08-05 17:21:12,031 INFO     ___FILE_ONLY___ ═
2025-08-05 17:21:12,033 INFO     ___FILE_ONLY___ ═
2025-08-05 17:21:12,035 INFO     ___FILE_ONLY___ ═
2025-08-05 17:21:12,037 INFO     ___FILE_ONLY___ ═
2025-08-05 17:21:12,039 INFO     ___FILE_ONLY___ ═
2025-08-05 17:21:12,041 INFO     ___FILE_ONLY___ ═
2025-08-05 17:21:12,043 INFO     ___FILE_ONLY___ ═
2025-08-05 17:21:12,045 INFO     ___FILE_ONLY___ ═
2025-08-05 17:21:12,047 INFO     ___FILE_ONLY___ ═
2025-08-05 17:21:12,049 INFO     ___FILE_ONLY___ ═
2025-08-05 17:21:12,051 INFO     ___FILE_ONLY___ ═
2025-08-05 17:21:12,052 INFO     ___FILE_ONLY___ ═
2025-08-05 17:21:12,054 INFO     ___FILE_ONLY___ ═
2025-08-05 17:21:12,056 INFO     ___FILE_ONLY___ ═
2025-08-05 17:21:12,058 INFO     ___FILE_ONLY___ ═
2025-08-05 17:21:12,060 INFO     ___FILE_ONLY___ ═
2025-08-05 17:21:12,062 INFO     ___FILE_ONLY___ ═
2025-08-05 17:21:12,064 INFO     ___FILE_ONLY___ ═
2025-08-05 17:21:12,066 INFO     ___FILE_ONLY___ ═
2025-08-05 17:21:12,068 INFO     ___FILE_ONLY___ ═
2025-08-05 17:21:12,070 INFO     ___FILE_ONLY___ ═
2025-08-05 17:21:12,072 INFO     ___FILE_ONLY___ ═
2025-08-05 17:21:12,074 INFO     ___FILE_ONLY___ ═
2025-08-05 17:21:12,076 INFO     ___FILE_ONLY___ ═
2025-08-05 17:21:12,078 INFO     ___FILE_ONLY___ ═
2025-08-05 17:21:12,080 INFO     ___FILE_ONLY___ ═
2025-08-05 17:21:12,082 INFO     ___FILE_ONLY___ ═
2025-08-05 17:21:12,084 INFO     ___FILE_ONLY___ ═
2025-08-05 17:21:12,086 INFO     ___FILE_ONLY___ ═
2025-08-05 17:21:12,088 INFO     ___FILE_ONLY___ ═
2025-08-05 17:21:12,090 INFO     ___FILE_ONLY___ ═
2025-08-05 17:21:12,092 INFO     ___FILE_ONLY___ ═
2025-08-05 17:21:12,093 INFO     ___FILE_ONLY___ ═
2025-08-05 17:21:12,095 INFO     ___FILE_ONLY___ ═
2025-08-05 17:21:12,097 INFO     ___FILE_ONLY___ ═
2025-08-05 17:21:12,099 INFO     ___FILE_ONLY___ ═
2025-08-05 17:21:12,101 INFO     ___FILE_ONLY___ ═
2025-08-05 17:21:12,103 INFO     ___FILE_ONLY___ ═
2025-08-05 17:21:12,105 INFO     ___FILE_ONLY___ ═
2025-08-05 17:21:12,107 INFO     ___FILE_ONLY___ ═
2025-08-05 17:21:12,109 INFO     ___FILE_ONLY___ ═
2025-08-05 17:21:12,111 INFO     ___FILE_ONLY___ ═
2025-08-05 17:21:12,113 INFO     ___FILE_ONLY___ ═
2025-08-05 17:21:12,114 INFO     ___FILE_ONLY___ ═
2025-08-05 17:21:12,116 INFO     ___FILE_ONLY___ ═
2025-08-05 17:21:12,118 INFO     ___FILE_ONLY___ ═
2025-08-05 17:21:12,120 INFO     ___FILE_ONLY___ ═
2025-08-05 17:21:12,122 INFO     ___FILE_ONLY___ ═
2025-08-05 17:21:12,124 INFO     ___FILE_ONLY___ ═
2025-08-05 17:21:12,126 INFO     ___FILE_ONLY___ ═
2025-08-05 17:21:12,126 INFO     ___FILE_ONLY___ ╝

2025-08-05 17:21:12,129 INFO     ___FILE_ONLY___ ╔════════════════════════════════════════════════════════════╗

2025-08-05 17:21:12,129 INFO     ___FILE_ONLY___ ╠═ Downloading: Cloud Storage Command Line Tool             ═╣

2025-08-05 17:21:12,129 INFO     ___FILE_ONLY___ ╚
2025-08-05 17:21:12,132 DEBUG    urllib3.connectionpool Starting new HTTPS connection (1): dl.google.com:443
2025-08-05 17:21:13,054 DEBUG    urllib3.connectionpool https://dl.google.com:443 "GET /dl/cloudsdk/channels/rapid/components/google-cloud-sdk-gsutil-20250627154417.tar.gz HTTP/11" 200 12962791
2025-08-05 17:21:13,102 INFO     ___FILE_ONLY___ ═
2025-08-05 17:21:13,102 INFO     ___FILE_ONLY___ ═
2025-08-05 17:21:13,102 INFO     ___FILE_ONLY___ ═
2025-08-05 17:21:13,103 INFO     ___FILE_ONLY___ ═
2025-08-05 17:21:13,103 INFO     ___FILE_ONLY___ ═
2025-08-05 17:21:13,103 INFO     ___FILE_ONLY___ ═
2025-08-05 17:21:13,104 INFO     ___FILE_ONLY___ ═
2025-08-05 17:21:13,104 INFO     ___FILE_ONLY___ ═
2025-08-05 17:21:13,104 INFO     ___FILE_ONLY___ ═
2025-08-05 17:21:13,105 INFO     ___FILE_ONLY___ ═
2025-08-05 17:21:13,105 INFO     ___FILE_ONLY___ ═
2025-08-05 17:21:13,105 INFO     ___FILE_ONLY___ ═
2025-08-05 17:21:13,105 INFO     ___FILE_ONLY___ ═
2025-08-05 17:21:13,106 INFO     ___FILE_ONLY___ ═
2025-08-05 17:21:13,106 INFO     ___FILE_ONLY___ ═
2025-08-05 17:21:13,106 INFO     ___FILE_ONLY___ ═
2025-08-05 17:21:13,107 INFO     ___FILE_ONLY___ ═
2025-08-05 17:21:13,107 INFO     ___FILE_ONLY___ ═
2025-08-05 17:21:13,107 INFO     ___FILE_ONLY___ ═
2025-08-05 17:21:13,108 INFO     ___FILE_ONLY___ ═
2025-08-05 17:21:13,108 INFO     ___FILE_ONLY___ ═
2025-08-05 17:21:13,108 INFO     ___FILE_ONLY___ ═
2025-08-05 17:21:13,109 INFO     ___FILE_ONLY___ ═
2025-08-05 17:21:13,109 INFO     ___FILE_ONLY___ ═
2025-08-05 17:21:13,109 INFO     ___FILE_ONLY___ ═
2025-08-05 17:21:13,110 INFO     ___FILE_ONLY___ ═
2025-08-05 17:21:13,110 INFO     ___FILE_ONLY___ ═
2025-08-05 17:21:13,110 INFO     ___FILE_ONLY___ ═
2025-08-05 17:21:13,110 INFO     ___FILE_ONLY___ ═
2025-08-05 17:21:13,111 INFO     ___FILE_ONLY___ ═
2025-08-05 17:21:13,111 INFO     ___FILE_ONLY___ ═
2025-08-05 17:21:13,111 INFO     ___FILE_ONLY___ ═
2025-08-05 17:21:13,112 INFO     ___FILE_ONLY___ ═
2025-08-05 17:21:13,112 INFO     ___FILE_ONLY___ ═
2025-08-05 17:21:13,112 INFO     ___FILE_ONLY___ ═
2025-08-05 17:21:13,113 INFO     ___FILE_ONLY___ ═
2025-08-05 17:21:13,113 INFO     ___FILE_ONLY___ ═
2025-08-05 17:21:13,113 INFO     ___FILE_ONLY___ ═
2025-08-05 17:21:13,114 INFO     ___FILE_ONLY___ ═
2025-08-05 17:21:13,114 INFO     ___FILE_ONLY___ ═
2025-08-05 17:21:13,114 INFO     ___FILE_ONLY___ ═
2025-08-05 17:21:13,115 INFO     ___FILE_ONLY___ ═
2025-08-05 17:21:13,115 INFO     ___FILE_ONLY___ ═
2025-08-05 17:21:13,115 INFO     ___FILE_ONLY___ ═
2025-08-05 17:21:13,116 INFO     ___FILE_ONLY___ ═
2025-08-05 17:21:13,116 INFO     ___FILE_ONLY___ ═
2025-08-05 17:21:13,116 INFO     ___FILE_ONLY___ ═
2025-08-05 17:21:13,116 INFO     ___FILE_ONLY___ ═
2025-08-05 17:21:13,117 INFO     ___FILE_ONLY___ ═
2025-08-05 17:21:13,117 INFO     ___FILE_ONLY___ ═
2025-08-05 17:21:13,117 INFO     ___FILE_ONLY___ ═
2025-08-05 17:21:13,118 INFO     ___FILE_ONLY___ ═
2025-08-05 17:21:13,118 INFO     ___FILE_ONLY___ ═
2025-08-05 17:21:13,118 INFO     ___FILE_ONLY___ ═
2025-08-05 17:21:13,119 INFO     ___FILE_ONLY___ ═
2025-08-05 17:21:13,119 INFO     ___FILE_ONLY___ ═
2025-08-05 17:21:13,119 INFO     ___FILE_ONLY___ ═
2025-08-05 17:21:13,120 INFO     ___FILE_ONLY___ ═
2025-08-05 17:21:13,120 INFO     ___FILE_ONLY___ ═
2025-08-05 17:21:13,120 INFO     ___FILE_ONLY___ ═
2025-08-05 17:21:13,120 INFO     ___FILE_ONLY___ ╝

2025-08-05 17:21:13,123 INFO     ___FILE_ONLY___ ╔════════════════════════════════════════════════════════════╗

2025-08-05 17:21:13,123 INFO     ___FILE_ONLY___ ╠═ Downloading: Cloud Storage Command Line Tool (Platfor... ═╣

2025-08-05 17:21:13,123 INFO     ___FILE_ONLY___ ╚
2025-08-05 17:21:13,126 DEBUG    urllib3.connectionpool Starting new HTTPS connection (1): dl.google.com:443
2025-08-05 17:21:14,033 DEBUG    urllib3.connectionpool https://dl.google.com:443 "GET /dl/cloudsdk/channels/rapid/components/google-cloud-sdk-gsutil-nix-20250523104322.tar.gz HTTP/11" 200 1950
2025-08-05 17:21:14,033 INFO     ___FILE_ONLY___ ════════════════════════════════════════════════════════════
2025-08-05 17:21:14,033 INFO     ___FILE_ONLY___ ╝

2025-08-05 17:21:14,035 INFO     ___FILE_ONLY___ ╔════════════════════════════════════════════════════════════╗

2025-08-05 17:21:14,036 INFO     ___FILE_ONLY___ ╠═ Downloading: Default set of gcloud commands              ═╣

2025-08-05 17:21:14,036 INFO     ___FILE_ONLY___ ╚
2025-08-05 17:21:14,036 INFO     ___FILE_ONLY___ ════════════════════════════════════════════════════════════
2025-08-05 17:21:14,036 INFO     ___FILE_ONLY___ ╝

2025-08-05 17:21:14,037 INFO     ___FILE_ONLY___ ╔════════════════════════════════════════════════════════════╗

2025-08-05 17:21:14,038 INFO     ___FILE_ONLY___ ╠═ Downloading: Google Cloud CLI Core Libraries (Platfor... ═╣

2025-08-05 17:21:14,038 INFO     ___FILE_ONLY___ ╚
2025-08-05 17:21:14,041 DEBUG    urllib3.connectionpool Starting new HTTPS connection (1): dl.google.com:443
2025-08-05 17:21:14,202 DEBUG    urllib3.connectionpool https://dl.google.com:443 "GET /dl/cloudsdk/channels/rapid/components/google-cloud-sdk-core-nix-20250523104322.tar.gz HTTP/11" 200 2325
2025-08-05 17:21:14,203 INFO     ___FILE_ONLY___ ════════════════════════════════════════════════════════════
2025-08-05 17:21:14,203 INFO     ___FILE_ONLY___ ╝

2025-08-05 17:21:14,205 INFO     ___FILE_ONLY___ ╔════════════════════════════════════════════════════════════╗

2025-08-05 17:21:14,205 INFO     ___FILE_ONLY___ ╠═ Downloading: Google Cloud CRC32C Hash Tool               ═╣

2025-08-05 17:21:14,205 INFO     ___FILE_ONLY___ ╚
2025-08-05 17:21:14,206 INFO     ___FILE_ONLY___ ════════════════════════════════════════════════════════════
2025-08-05 17:21:14,206 INFO     ___FILE_ONLY___ ╝

2025-08-05 17:21:14,207 INFO     ___FILE_ONLY___ ╔════════════════════════════════════════════════════════════╗

2025-08-05 17:21:14,207 INFO     ___FILE_ONLY___ ╠═ Downloading: Google Cloud CRC32C Hash Tool (Platform ... ═╣

2025-08-05 17:21:14,207 INFO     ___FILE_ONLY___ ╚
2025-08-05 17:21:14,212 DEBUG    urllib3.connectionpool Starting new HTTPS connection (1): dl.google.com:443
2025-08-05 17:21:15,141 DEBUG    urllib3.connectionpool https://dl.google.com:443 "GET /dl/cloudsdk/channels/rapid/components/google-cloud-sdk-gcloud-crc32c-linux-x86_64-20250613150750.tar.gz HTTP/11" 200 1525557
2025-08-05 17:21:15,152 INFO     ___FILE_ONLY___ ═
2025-08-05 17:21:15,152 INFO     ___FILE_ONLY___ ═
2025-08-05 17:21:15,152 INFO     ___FILE_ONLY___ ═
2025-08-05 17:21:15,152 INFO     ___FILE_ONLY___ ═
2025-08-05 17:21:15,152 INFO     ___FILE_ONLY___ ═
2025-08-05 17:21:15,153 INFO     ___FILE_ONLY___ ═
2025-08-05 17:21:15,153 INFO     ___FILE_ONLY___ ═
2025-08-05 17:21:15,153 INFO     ___FILE_ONLY___ ═
2025-08-05 17:21:15,153 INFO     ___FILE_ONLY___ ═
2025-08-05 17:21:15,153 INFO     ___FILE_ONLY___ ═
2025-08-05 17:21:15,153 INFO     ___FILE_ONLY___ ═
2025-08-05 17:21:15,153 INFO     ___FILE_ONLY___ ═
2025-08-05 17:21:15,153 INFO     ___FILE_ONLY___ ═
2025-08-05 17:21:15,153 INFO     ___FILE_ONLY___ ═
2025-08-05 17:21:15,153 INFO     ___FILE_ONLY___ ═
2025-08-05 17:21:15,153 INFO     ___FILE_ONLY___ ═
2025-08-05 17:21:15,154 INFO     ___FILE_ONLY___ ═
2025-08-05 17:21:15,154 INFO     ___FILE_ONLY___ ═
2025-08-05 17:21:15,154 INFO     ___FILE_ONLY___ ═
2025-08-05 17:21:15,154 INFO     ___FILE_ONLY___ ═
2025-08-05 17:21:15,154 INFO     ___FILE_ONLY___ ═
2025-08-05 17:21:15,154 INFO     ___FILE_ONLY___ ═
2025-08-05 17:21:15,154 INFO     ___FILE_ONLY___ ═
2025-08-05 17:21:15,154 INFO     ___FILE_ONLY___ ═
2025-08-05 17:21:15,154 INFO     ___FILE_ONLY___ ═
2025-08-05 17:21:15,154 INFO     ___FILE_ONLY___ ═
2025-08-05 17:21:15,154 INFO     ___FILE_ONLY___ ═
2025-08-05 17:21:15,154 INFO     ___FILE_ONLY___ ═
2025-08-05 17:21:15,155 INFO     ___FILE_ONLY___ ═
2025-08-05 17:21:15,155 INFO     ___FILE_ONLY___ ═
2025-08-05 17:21:15,155 INFO     ___FILE_ONLY___ ═
2025-08-05 17:21:15,155 INFO     ___FILE_ONLY___ ═
2025-08-05 17:21:15,155 INFO     ___FILE_ONLY___ ═
2025-08-05 17:21:15,155 INFO     ___FILE_ONLY___ ═
2025-08-05 17:21:15,155 INFO     ___FILE_ONLY___ ═
2025-08-05 17:21:15,155 INFO     ___FILE_ONLY___ ═
2025-08-05 17:21:15,155 INFO     ___FILE_ONLY___ ═
2025-08-05 17:21:15,155 INFO     ___FILE_ONLY___ ═
2025-08-05 17:21:15,155 INFO     ___FILE_ONLY___ ═
2025-08-05 17:21:15,156 INFO     ___FILE_ONLY___ ═
2025-08-05 17:21:15,156 INFO     ___FILE_ONLY___ ═
2025-08-05 17:21:15,156 INFO     ___FILE_ONLY___ ═
2025-08-05 17:21:15,156 INFO     ___FILE_ONLY___ ═
2025-08-05 17:21:15,156 INFO     ___FILE_ONLY___ ═
2025-08-05 17:21:15,156 INFO     ___FILE_ONLY___ ═
2025-08-05 17:21:15,156 INFO     ___FILE_ONLY___ ═
2025-08-05 17:21:15,156 INFO     ___FILE_ONLY___ ═
2025-08-05 17:21:15,156 INFO     ___FILE_ONLY___ ═
2025-08-05 17:21:15,156 INFO     ___FILE_ONLY___ ═
2025-08-05 17:21:15,156 INFO     ___FILE_ONLY___ ═
2025-08-05 17:21:15,156 INFO     ___FILE_ONLY___ ═
2025-08-05 17:21:15,157 INFO     ___FILE_ONLY___ ═
2025-08-05 17:21:15,157 INFO     ___FILE_ONLY___ ═
2025-08-05 17:21:15,157 INFO     ___FILE_ONLY___ ═
2025-08-05 17:21:15,157 INFO     ___FILE_ONLY___ ═
2025-08-05 17:21:15,157 INFO     ___FILE_ONLY___ ═
2025-08-05 17:21:15,157 INFO     ___FILE_ONLY___ ═
2025-08-05 17:21:15,157 INFO     ___FILE_ONLY___ ═
2025-08-05 17:21:15,157 INFO     ___FILE_ONLY___ ═
2025-08-05 17:21:15,157 INFO     ___FILE_ONLY___ ═
2025-08-05 17:21:15,157 INFO     ___FILE_ONLY___ ╝

2025-08-05 17:21:15,159 INFO     ___FILE_ONLY___ ╔════════════════════════════════════════════════════════════╗

2025-08-05 17:21:15,159 INFO     ___FILE_ONLY___ ╠═ Downloading: gcloud cli dependencies (Platform Specific) ═╣

2025-08-05 17:21:15,159 INFO     ___FILE_ONLY___ ╚
2025-08-05 17:21:15,163 DEBUG    urllib3.connectionpool Starting new HTTPS connection (1): dl.google.com:443
2025-08-05 17:21:16,082 DEBUG    urllib3.connectionpool https://dl.google.com:443 "GET /dl/cloudsdk/channels/rapid/components/google-cloud-sdk-gcloud-deps-linux-x86_64-20210416153011.tar.gz HTTP/11" 200 104
2025-08-05 17:21:16,082 INFO     ___FILE_ONLY___ ════════════════════════════════════════════════════════════
2025-08-05 17:21:16,082 INFO     ___FILE_ONLY___ ╝

2025-08-05 17:21:16,084 INFO     ___FILE_ONLY___ ╔════════════════════════════════════════════════════════════╗

2025-08-05 17:21:16,085 INFO     ___FILE_ONLY___ ╠═ Installing: BigQuery Command Line Tool                   ═╣

2025-08-05 17:21:16,085 INFO     ___FILE_ONLY___ ╚
2025-08-05 17:21:16,177 INFO     ___FILE_ONLY___ ═
2025-08-05 17:21:16,180 INFO     ___FILE_ONLY___ ═
2025-08-05 17:21:16,183 INFO     ___FILE_ONLY___ ═
2025-08-05 17:21:16,185 INFO     ___FILE_ONLY___ ═
2025-08-05 17:21:16,187 INFO     ___FILE_ONLY___ ═
2025-08-05 17:21:16,190 INFO     ___FILE_ONLY___ ═
2025-08-05 17:21:16,192 INFO     ___FILE_ONLY___ ═
2025-08-05 17:21:16,194 INFO     ___FILE_ONLY___ ═
2025-08-05 17:21:16,196 INFO     ___FILE_ONLY___ ═
2025-08-05 17:21:16,199 INFO     ___FILE_ONLY___ ═
2025-08-05 17:21:16,201 INFO     ___FILE_ONLY___ ═
2025-08-05 17:21:16,203 INFO     ___FILE_ONLY___ ═
2025-08-05 17:21:16,205 INFO     ___FILE_ONLY___ ═
2025-08-05 17:21:16,207 INFO     ___FILE_ONLY___ ═
2025-08-05 17:21:16,209 INFO     ___FILE_ONLY___ ═
2025-08-05 17:21:16,212 INFO     ___FILE_ONLY___ ═
2025-08-05 17:21:16,214 INFO     ___FILE_ONLY___ ═
2025-08-05 17:21:16,216 INFO     ___FILE_ONLY___ ═
2025-08-05 17:21:16,218 INFO     ___FILE_ONLY___ ═
2025-08-05 17:21:16,222 INFO     ___FILE_ONLY___ ═
2025-08-05 17:21:16,224 INFO     ___FILE_ONLY___ ═
2025-08-05 17:21:16,226 INFO     ___FILE_ONLY___ ═
2025-08-05 17:21:16,229 INFO     ___FILE_ONLY___ ═
2025-08-05 17:21:16,231 INFO     ___FILE_ONLY___ ═
2025-08-05 17:21:16,232 INFO     ___FILE_ONLY___ ═
2025-08-05 17:21:16,234 INFO     ___FILE_ONLY___ ═
2025-08-05 17:21:16,236 INFO     ___FILE_ONLY___ ═
2025-08-05 17:21:16,238 INFO     ___FILE_ONLY___ ═
2025-08-05 17:21:16,241 INFO     ___FILE_ONLY___ ═
2025-08-05 17:21:16,245 INFO     ___FILE_ONLY___ ═
2025-08-05 17:21:16,246 INFO     ___FILE_ONLY___ ═
2025-08-05 17:21:16,249 INFO     ___FILE_ONLY___ ═
2025-08-05 17:21:16,250 INFO     ___FILE_ONLY___ ═
2025-08-05 17:21:16,254 INFO     ___FILE_ONLY___ ═
2025-08-05 17:21:16,256 INFO     ___FILE_ONLY___ ═
2025-08-05 17:21:16,264 INFO     ___FILE_ONLY___ ═
2025-08-05 17:21:16,269 INFO     ___FILE_ONLY___ ═
2025-08-05 17:21:16,274 INFO     ___FILE_ONLY___ ═
2025-08-05 17:21:16,276 INFO     ___FILE_ONLY___ ═
2025-08-05 17:21:16,278 INFO     ___FILE_ONLY___ ═
2025-08-05 17:21:16,281 INFO     ___FILE_ONLY___ ═
2025-08-05 17:21:16,283 INFO     ___FILE_ONLY___ ═
2025-08-05 17:21:16,286 INFO     ___FILE_ONLY___ ═
2025-08-05 17:21:16,290 INFO     ___FILE_ONLY___ ═
2025-08-05 17:21:16,292 INFO     ___FILE_ONLY___ ═
2025-08-05 17:21:16,294 INFO     ___FILE_ONLY___ ═
2025-08-05 17:21:16,296 INFO     ___FILE_ONLY___ ═
2025-08-05 17:21:16,298 INFO     ___FILE_ONLY___ ═
2025-08-05 17:21:16,300 INFO     ___FILE_ONLY___ ═
2025-08-05 17:21:16,303 INFO     ___FILE_ONLY___ ═
2025-08-05 17:21:16,305 INFO     ___FILE_ONLY___ ═
2025-08-05 17:21:16,307 INFO     ___FILE_ONLY___ ═
2025-08-05 17:21:16,309 INFO     ___FILE_ONLY___ ═
2025-08-05 17:21:16,312 INFO     ___FILE_ONLY___ ═
2025-08-05 17:21:16,314 INFO     ___FILE_ONLY___ ═
2025-08-05 17:21:16,316 INFO     ___FILE_ONLY___ ═
2025-08-05 17:21:16,318 INFO     ___FILE_ONLY___ ═
2025-08-05 17:21:16,320 INFO     ___FILE_ONLY___ ═
2025-08-05 17:21:16,322 INFO     ___FILE_ONLY___ ═
2025-08-05 17:21:16,324 INFO     ___FILE_ONLY___ ═
2025-08-05 17:21:16,324 INFO     ___FILE_ONLY___ ╝

2025-08-05 17:21:16,332 INFO     ___FILE_ONLY___ ╔════════════════════════════════════════════════════════════╗

2025-08-05 17:21:16,332 INFO     ___FILE_ONLY___ ╠═ Installing: BigQuery Command Line Tool (Platform Spec... ═╣

2025-08-05 17:21:16,332 INFO     ___FILE_ONLY___ ╚
2025-08-05 17:21:16,333 INFO     ___FILE_ONLY___ ════════════════════════════════════════════════════════════
2025-08-05 17:21:16,333 INFO     ___FILE_ONLY___ ╝

2025-08-05 17:21:16,338 INFO     ___FILE_ONLY___ ╔════════════════════════════════════════════════════════════╗

2025-08-05 17:21:16,338 INFO     ___FILE_ONLY___ ╠═ Installing: Bundled Python 3.12                          ═╣

2025-08-05 17:21:16,338 INFO     ___FILE_ONLY___ ╚
2025-08-05 17:21:16,342 INFO     ___FILE_ONLY___ ════════════════════════════════════════════════════════════
2025-08-05 17:21:16,342 INFO     ___FILE_ONLY___ ╝

2025-08-05 17:21:16,344 INFO     ___FILE_ONLY___ ╔════════════════════════════════════════════════════════════╗

2025-08-05 17:21:16,344 INFO     ___FILE_ONLY___ ╠═ Installing: Bundled Python 3.12 (Platform Specific)      ═╣

2025-08-05 17:21:16,344 INFO     ___FILE_ONLY___ ╚
2025-08-05 17:21:18,588 INFO     ___FILE_ONLY___ ═
2025-08-05 17:21:18,601 INFO     ___FILE_ONLY___ ═
2025-08-05 17:21:18,613 INFO     ___FILE_ONLY___ ═
2025-08-05 17:21:18,627 INFO     ___FILE_ONLY___ ═
2025-08-05 17:21:18,641 INFO     ___FILE_ONLY___ ═
2025-08-05 17:21:18,655 INFO     ___FILE_ONLY___ ═
2025-08-05 17:21:18,669 INFO     ___FILE_ONLY___ ═
2025-08-05 17:21:18,682 INFO     ___FILE_ONLY___ ═
2025-08-05 17:21:18,695 INFO     ___FILE_ONLY___ ═
2025-08-05 17:21:18,708 INFO     ___FILE_ONLY___ ═
2025-08-05 17:21:18,720 INFO     ___FILE_ONLY___ ═
2025-08-05 17:21:18,733 INFO     ___FILE_ONLY___ ═
2025-08-05 17:21:18,746 INFO     ___FILE_ONLY___ ═
2025-08-05 17:21:18,760 INFO     ___FILE_ONLY___ ═
2025-08-05 17:21:18,774 INFO     ___FILE_ONLY___ ═
2025-08-05 17:21:18,788 INFO     ___FILE_ONLY___ ═
2025-08-05 17:21:18,801 INFO     ___FILE_ONLY___ ═
2025-08-05 17:21:18,815 INFO     ___FILE_ONLY___ ═
2025-08-05 17:21:18,828 INFO     ___FILE_ONLY___ ═
2025-08-05 17:21:18,842 INFO     ___FILE_ONLY___ ═
2025-08-05 17:21:18,855 INFO     ___FILE_ONLY___ ═
2025-08-05 17:21:18,868 INFO     ___FILE_ONLY___ ═
2025-08-05 17:21:18,881 INFO     ___FILE_ONLY___ ═
2025-08-05 17:21:18,894 INFO     ___FILE_ONLY___ ═
2025-08-05 17:21:18,907 INFO     ___FILE_ONLY___ ═
2025-08-05 17:21:18,921 INFO     ___FILE_ONLY___ ═
2025-08-05 17:21:18,933 INFO     ___FILE_ONLY___ ═
2025-08-05 17:21:18,946 INFO     ___FILE_ONLY___ ═
2025-08-05 17:21:18,960 INFO     ___FILE_ONLY___ ═
2025-08-05 17:21:18,973 INFO     ___FILE_ONLY___ ═
2025-08-05 17:21:18,987 INFO     ___FILE_ONLY___ ═
2025-08-05 17:21:19,000 INFO     ___FILE_ONLY___ ═
2025-08-05 17:21:19,013 INFO     ___FILE_ONLY___ ═
2025-08-05 17:21:19,027 INFO     ___FILE_ONLY___ ═
2025-08-05 17:21:19,049 INFO     ___FILE_ONLY___ ═
2025-08-05 17:21:19,065 INFO     ___FILE_ONLY___ ═
2025-08-05 17:21:19,952 INFO     ___FILE_ONLY___ ═
2025-08-05 17:21:19,976 INFO     ___FILE_ONLY___ ═
2025-08-05 17:21:20,482 INFO     ___FILE_ONLY___ ═
2025-08-05 17:21:20,501 INFO     ___FILE_ONLY___ ═
2025-08-05 17:21:20,524 INFO     ___FILE_ONLY___ ═
2025-08-05 17:21:20,549 INFO     ___FILE_ONLY___ ═
2025-08-05 17:21:20,568 INFO     ___FILE_ONLY___ ═
2025-08-05 17:21:20,597 INFO     ___FILE_ONLY___ ═
2025-08-05 17:21:20,619 INFO     ___FILE_ONLY___ ═
2025-08-05 17:21:20,638 INFO     ___FILE_ONLY___ ═
2025-08-05 17:21:20,656 INFO     ___FILE_ONLY___ ═
2025-08-05 17:21:20,674 INFO     ___FILE_ONLY___ ═
2025-08-05 17:21:20,767 INFO     ___FILE_ONLY___ ═
2025-08-05 17:21:20,786 INFO     ___FILE_ONLY___ ═
2025-08-05 17:21:20,928 INFO     ___FILE_ONLY___ ═
2025-08-05 17:21:20,946 INFO     ___FILE_ONLY___ ═
2025-08-05 17:21:20,963 INFO     ___FILE_ONLY___ ═
2025-08-05 17:21:20,981 INFO     ___FILE_ONLY___ ═
2025-08-05 17:21:20,997 INFO     ___FILE_ONLY___ ═
2025-08-05 17:21:21,016 INFO     ___FILE_ONLY___ ═
2025-08-05 17:21:21,033 INFO     ___FILE_ONLY___ ═
2025-08-05 17:21:21,051 INFO     ___FILE_ONLY___ ═
2025-08-05 17:21:21,079 INFO     ___FILE_ONLY___ ═
2025-08-05 17:21:21,576 INFO     ___FILE_ONLY___ ═
2025-08-05 17:21:21,576 INFO     ___FILE_ONLY___ ╝

2025-08-05 17:21:21,632 INFO     ___FILE_ONLY___ ╔════════════════════════════════════════════════════════════╗

2025-08-05 17:21:21,632 INFO     ___FILE_ONLY___ ╠═ Installing: Cloud Storage Command Line Tool              ═╣

2025-08-05 17:21:21,632 INFO     ___FILE_ONLY___ ╚
2025-08-05 17:21:22,182 INFO     ___FILE_ONLY___ ═
2025-08-05 17:21:22,194 INFO     ___FILE_ONLY___ ═
2025-08-05 17:21:22,206 INFO     ___FILE_ONLY___ ═
2025-08-05 17:21:22,216 INFO     ___FILE_ONLY___ ═
2025-08-05 17:21:22,227 INFO     ___FILE_ONLY___ ═
2025-08-05 17:21:22,263 INFO     ___FILE_ONLY___ ═
2025-08-05 17:21:22,276 INFO     ___FILE_ONLY___ ═
2025-08-05 17:21:22,293 INFO     ___FILE_ONLY___ ═
2025-08-05 17:21:22,308 INFO     ___FILE_ONLY___ ═
2025-08-05 17:21:22,325 INFO     ___FILE_ONLY___ ═
2025-08-05 17:21:22,343 INFO     ___FILE_ONLY___ ═
2025-08-05 17:21:22,355 INFO     ___FILE_ONLY___ ═
2025-08-05 17:21:22,368 INFO     ___FILE_ONLY___ ═
2025-08-05 17:21:22,378 INFO     ___FILE_ONLY___ ═
2025-08-05 17:21:22,388 INFO     ___FILE_ONLY___ ═
2025-08-05 17:21:22,406 INFO     ___FILE_ONLY___ ═
2025-08-05 17:21:22,421 INFO     ___FILE_ONLY___ ═
2025-08-05 17:21:22,431 INFO     ___FILE_ONLY___ ═
2025-08-05 17:21:22,443 INFO     ___FILE_ONLY___ ═
2025-08-05 17:21:22,455 INFO     ___FILE_ONLY___ ═
2025-08-05 17:21:22,466 INFO     ___FILE_ONLY___ ═
2025-08-05 17:21:22,479 INFO     ___FILE_ONLY___ ═
2025-08-05 17:21:22,490 INFO     ___FILE_ONLY___ ═
2025-08-05 17:21:22,501 INFO     ___FILE_ONLY___ ═
2025-08-05 17:21:22,512 INFO     ___FILE_ONLY___ ═
2025-08-05 17:21:22,522 INFO     ___FILE_ONLY___ ═
2025-08-05 17:21:22,535 INFO     ___FILE_ONLY___ ═
2025-08-05 17:21:22,550 INFO     ___FILE_ONLY___ ═
2025-08-05 17:21:22,568 INFO     ___FILE_ONLY___ ═
2025-08-05 17:21:22,582 INFO     ___FILE_ONLY___ ═
2025-08-05 17:21:22,596 INFO     ___FILE_ONLY___ ═
2025-08-05 17:21:22,618 INFO     ___FILE_ONLY___ ═
2025-08-05 17:21:22,635 INFO     ___FILE_ONLY___ ═
2025-08-05 17:21:22,656 INFO     ___FILE_ONLY___ ═
2025-08-05 17:21:22,672 INFO     ___FILE_ONLY___ ═
2025-08-05 17:21:22,690 INFO     ___FILE_ONLY___ ═
2025-08-05 17:21:22,701 INFO     ___FILE_ONLY___ ═
2025-08-05 17:21:22,712 INFO     ___FILE_ONLY___ ═
2025-08-05 17:21:22,748 INFO     ___FILE_ONLY___ ═
2025-08-05 17:21:22,763 INFO     ___FILE_ONLY___ ═
2025-08-05 17:21:22,776 INFO     ___FILE_ONLY___ ═
2025-08-05 17:21:22,788 INFO     ___FILE_ONLY___ ═
2025-08-05 17:21:22,798 INFO     ___FILE_ONLY___ ═
2025-08-05 17:21:22,810 INFO     ___FILE_ONLY___ ═
2025-08-05 17:21:22,821 INFO     ___FILE_ONLY___ ═
2025-08-05 17:21:22,832 INFO     ___FILE_ONLY___ ═
2025-08-05 17:21:22,843 INFO     ___FILE_ONLY___ ═
2025-08-05 17:21:22,853 INFO     ___FILE_ONLY___ ═
2025-08-05 17:21:22,864 INFO     ___FILE_ONLY___ ═
2025-08-05 17:21:22,877 INFO     ___FILE_ONLY___ ═
2025-08-05 17:21:22,893 INFO     ___FILE_ONLY___ ═
2025-08-05 17:21:22,906 INFO     ___FILE_ONLY___ ═
2025-08-05 17:21:22,920 INFO     ___FILE_ONLY___ ═
2025-08-05 17:21:22,935 INFO     ___FILE_ONLY___ ═
2025-08-05 17:21:22,948 INFO     ___FILE_ONLY___ ═
2025-08-05 17:21:22,964 INFO     ___FILE_ONLY___ ═
2025-08-05 17:21:22,981 INFO     ___FILE_ONLY___ ═
2025-08-05 17:21:23,004 INFO     ___FILE_ONLY___ ═
2025-08-05 17:21:23,021 INFO     ___FILE_ONLY___ ═
2025-08-05 17:21:23,040 INFO     ___FILE_ONLY___ ═
2025-08-05 17:21:23,040 INFO     ___FILE_ONLY___ ╝

2025-08-05 17:21:23,072 INFO     ___FILE_ONLY___ ╔════════════════════════════════════════════════════════════╗

2025-08-05 17:21:23,072 INFO     ___FILE_ONLY___ ╠═ Installing: Cloud Storage Command Line Tool (Platform... ═╣

2025-08-05 17:21:23,072 INFO     ___FILE_ONLY___ ╚
2025-08-05 17:21:23,073 INFO     ___FILE_ONLY___ ════════════════════════════════════════════════════════════
2025-08-05 17:21:23,073 INFO     ___FILE_ONLY___ ╝

2025-08-05 17:21:23,077 INFO     ___FILE_ONLY___ ╔════════════════════════════════════════════════════════════╗

2025-08-05 17:21:23,078 INFO     ___FILE_ONLY___ ╠═ Installing: Default set of gcloud commands               ═╣

2025-08-05 17:21:23,078 INFO     ___FILE_ONLY___ ╚
2025-08-05 17:21:23,080 INFO     ___FILE_ONLY___ ════════════════════════════════════════════════════════════
2025-08-05 17:21:23,080 INFO     ___FILE_ONLY___ ╝

2025-08-05 17:21:23,082 INFO     ___FILE_ONLY___ ╔════════════════════════════════════════════════════════════╗

2025-08-05 17:21:23,082 INFO     ___FILE_ONLY___ ╠═ Installing: Google Cloud CLI Core Libraries (Platform... ═╣

2025-08-05 17:21:23,082 INFO     ___FILE_ONLY___ ╚
2025-08-05 17:21:23,083 INFO     ___FILE_ONLY___ ══════════════════════════════
2025-08-05 17:21:23,084 INFO     ___FILE_ONLY___ ══════════════════════════════
2025-08-05 17:21:23,084 INFO     ___FILE_ONLY___ ╝

2025-08-05 17:21:23,088 INFO     ___FILE_ONLY___ ╔════════════════════════════════════════════════════════════╗

2025-08-05 17:21:23,088 INFO     ___FILE_ONLY___ ╠═ Installing: Google Cloud CRC32C Hash Tool                ═╣

2025-08-05 17:21:23,088 INFO     ___FILE_ONLY___ ╚
2025-08-05 17:21:23,091 INFO     ___FILE_ONLY___ ════════════════════════════════════════════════════════════
2025-08-05 17:21:23,091 INFO     ___FILE_ONLY___ ╝

2025-08-05 17:21:23,093 INFO     ___FILE_ONLY___ ╔════════════════════════════════════════════════════════════╗

2025-08-05 17:21:23,093 INFO     ___FILE_ONLY___ ╠═ Installing: Google Cloud CRC32C Hash Tool (Platform S... ═╣

2025-08-05 17:21:23,093 INFO     ___FILE_ONLY___ ╚
2025-08-05 17:21:23,132 INFO     ___FILE_ONLY___ ══════════════════════════════
2025-08-05 17:21:23,133 INFO     ___FILE_ONLY___ ══════════════════════════════
2025-08-05 17:21:23,133 INFO     ___FILE_ONLY___ ╝

2025-08-05 17:21:23,138 INFO     ___FILE_ONLY___ ╔════════════════════════════════════════════════════════════╗

2025-08-05 17:21:23,138 INFO     ___FILE_ONLY___ ╠═ Installing: gcloud cli dependencies (Platform Specific)  ═╣

2025-08-05 17:21:23,138 INFO     ___FILE_ONLY___ ╚
2025-08-05 17:21:23,138 INFO     ___FILE_ONLY___ ════════════════════════════════════════════════════════════
2025-08-05 17:21:23,138 INFO     ___FILE_ONLY___ ╝

2025-08-05 17:21:23,143 DEBUG    root            Updating notification cache...
2025-08-05 17:21:23,144 INFO     ___FILE_ONLY___ 

2025-08-05 17:21:23,146 INFO     ___FILE_ONLY___ Performing post processing steps...
2025-08-05 17:21:23,146 DEBUG    root            Executing command: ['/tools/google-cloud-sdk/bin/gcloud', 'components', 'post-process']
2025-08-05 17:21:32,876 DEBUG    ___FILE_ONLY___ 
2025-08-05 17:21:32,876 DEBUG    ___FILE_ONLY___ 
2025-08-05 17:21:32,915 INFO     root            descriptor_list: [{'universeDomain': 'googleapis.com', 'universeShortName': '', 'authenticationDomain': 'auth.cloud.google.com', 'projectPrefix': '', 'cloudWebDomain': 'cloud.google.com', 'documentationDomain': 'cloud.google.com', 'version': '1.0.0', 'state': 'primary', 'artifactRegistryDomain': 'pkg.dev'}]
2025-08-05 17:21:32,915 INFO     ___FILE_ONLY___ 
Update done!


2025-08-05 17:21:32,919 DEBUG    root            Chosen display Format:none
2025-08-05 17:21:32,919 INFO     root            Display format: "none"
